0 info it worked if it ends with ok
1 verbose cli [ '/usr/bin/node', '/usr/bin/npm', 'link' ]
2 info using npm@1.4.28
3 info using node@v0.10.36
4 verbose node symlink /usr/bin/node
5 verbose linkPkg /home/benng/Repo/generator-yui3
6 error Error: EACCES, symlink '/home/benng/Repo/generator-yui3'
6 error  { [Error: EACCES, symlink '/home/benng/Repo/generator-yui3']
6 error   errno: 3,
6 error   code: 'EACCES',
6 error   path: '/home/benng/Repo/generator-yui3' }
7 error Please try running this command again as root/Administrator.
8 error System Linux 3.16.0-4-amd64
9 error command "/usr/bin/node" "/usr/bin/npm" "link"
10 error cwd /home/benng/Repo/generator-yui3
11 error node -v v0.10.36
12 error npm -v 1.4.28
13 error path /home/benng/Repo/generator-yui3
14 error code EACCES
15 error errno 3
16 error stack Error: EACCES, symlink '/home/benng/Repo/generator-yui3'
17 verbose exit [ 3, true ]
